mode: set
league-sim/api/handler/league_handler.go:14.41,17.26 3 1
league-sim/api/handler/league_handler.go:17.26,19.3 1 0
league-sim/api/handler/league_handler.go:21.2,22.16 2 1
league-sim/api/handler/league_handler.go:22.16,24.3 1 1
league-sim/api/handler/league_handler.go:26.2,26.41 1 1
league-sim/api/handler/league_handler.go:29.38,33.2 2 1
league-sim/api/handler/league_handler.go:35.41,37.38 2 1
league-sim/api/handler/league_handler.go:37.38,39.3 1 1
league-sim/api/handler/league_handler.go:41.2,43.26 3 1
league-sim/api/handler/league_handler.go:43.26,45.3 1 0
league-sim/api/handler/league_handler.go:47.2,49.16 3 1
league-sim/api/handler/league_handler.go:49.16,51.3 1 1
league-sim/api/handler/league_handler.go:53.2,53.38 1 1
league-sim/api/handler/league_handler.go:56.40,59.26 3 1
league-sim/api/handler/league_handler.go:59.26,61.3 1 0
league-sim/api/handler/league_handler.go:62.2,64.16 3 1
league-sim/api/handler/league_handler.go:64.16,67.3 2 1
league-sim/api/handler/league_handler.go:68.2,68.41 1 1
league-sim/api/handler/league_handler.go:71.40,74.26 3 1
league-sim/api/handler/league_handler.go:74.26,76.3 1 0
league-sim/api/handler/league_handler.go:77.2,79.16 3 1
league-sim/api/handler/league_handler.go:79.16,81.3 1 0
league-sim/api/handler/league_handler.go:82.2,82.40 1 1
league-sim/api/handler/league_handler.go:85.41,90.26 4 1
league-sim/api/handler/league_handler.go:90.26,92.3 1 0
league-sim/api/handler/league_handler.go:94.2,95.16 2 1
league-sim/api/handler/league_handler.go:95.16,97.3 1 0
league-sim/api/handler/league_handler.go:98.2,98.40 1 1
league-sim/api/handler/league_handler.go:101.38,103.38 2 1
league-sim/api/handler/league_handler.go:103.38,105.3 1 0
league-sim/api/handler/league_handler.go:106.2,110.16 5 1
league-sim/api/handler/league_handler.go:110.16,113.3 2 0
league-sim/api/handler/league_handler.go:114.2,114.64 1 1
league-sim/api/handler/league_handler.go:117.44,121.16 4 1
league-sim/api/handler/league_handler.go:121.16,124.3 2 0
league-sim/api/handler/league_handler.go:125.2,125.44 1 1
league-sim/api/handler/league_handler.go:128.40,132.16 4 1
league-sim/api/handler/league_handler.go:132.16,135.3 2 0
league-sim/api/handler/league_handler.go:136.2,136.59 1 1
league-sim/api/handler/middleware.go:12.78,13.54 1 0
league-sim/api/handler/middleware.go:13.54,14.37 1 0
league-sim/api/handler/middleware.go:14.37,18.4 3 0
league-sim/api/handler/middleware.go:22.71,23.54 1 0
league-sim/api/handler/middleware.go:23.54,24.37 1 0
league-sim/api/handler/middleware.go:24.37,30.4 5 0
league-sim/api/handler/simulation_handler.go:14.44,17.38 3 1
league-sim/api/handler/simulation_handler.go:17.38,19.3 1 1
league-sim/api/handler/simulation_handler.go:20.2,22.26 3 1
league-sim/api/handler/simulation_handler.go:22.26,24.3 1 0
league-sim/api/handler/simulation_handler.go:26.2,27.20 2 1
league-sim/api/handler/simulation_handler.go:27.20,29.3 1 0
league-sim/api/handler/simulation_handler.go:30.2,31.16 2 1
league-sim/api/handler/simulation_handler.go:31.16,33.3 1 1
league-sim/api/handler/simulation_handler.go:34.2,34.60 1 1
league-sim/api/handler/simulation_handler.go:34.60,36.3 1 0
league-sim/api/handler/simulation_handler.go:38.2,38.38 1 1
league-sim/api/handler/simulation_handler.go:41.44,44.26 3 1
league-sim/api/handler/simulation_handler.go:44.26,46.3 1 0
league-sim/api/handler/simulation_handler.go:47.2,49.16 3 1
league-sim/api/handler/simulation_handler.go:49.16,51.3 1 1
league-sim/api/handler/simulation_handler.go:52.2,52.44 1 1
league-sim/internal/league/interfaces/mocks.go:14.126,17.2 2 1
league-sim/internal/league/interfaces/mocks.go:19.73,22.2 2 1
league-sim/config/config.go:27.19,29.16 2 1
league-sim/config/config.go:29.16,31.35 2 1
league-sim/config/config.go:33.2,45.18 13 1
league-sim/config/config.go:48.53,49.48 1 1
league-sim/config/config.go:49.48,51.3 1 1
league-sim/config/config.go:52.2,52.21 1 1
league-sim/config/config.go:55.52,56.48 1 1
league-sim/config/config.go:56.48,57.55 1 1
league-sim/config/config.go:57.55,59.4 1 1
league-sim/config/config.go:61.2,61.21 1 1
league-sim/config/config.go:64.50,65.48 1 1
league-sim/config/config.go:65.48,66.55 1 1
league-sim/config/config.go:66.55,68.4 1 1
league-sim/config/config.go:70.2,70.21 1 1
league-sim/internal/predict/interfaces/mocks.go:14.113,17.2 2 1
league-sim/internal/league/generator.go:9.40,12.25 2 1
league-sim/internal/league/generator.go:12.25,20.3 1 1
league-sim/internal/league/generator.go:21.2,21.14 1 1
league-sim/internal/league/generator.go:24.67,26.33 2 1
league-sim/internal/league/generator.go:26.33,37.3 1 1
league-sim/internal/league/generator.go:38.2,38.18 1 1
league-sim/internal/league/generator.go:41.58,42.23 1 1
league-sim/internal/league/generator.go:42.23,44.3 1 1
league-sim/internal/league/generator.go:46.2,49.25 4 1
league-sim/internal/league/generator.go:49.25,51.3 1 1
league-sim/internal/league/generator.go:53.2,54.39 2 1
league-sim/internal/league/generator.go:54.39,56.29 2 1
league-sim/internal/league/generator.go:56.29,59.48 3 1
league-sim/internal/league/generator.go:59.48,61.5 1 1
league-sim/internal/league/generator.go:63.3,71.24 4 1
league-sim/internal/league/generator.go:73.2,73.14 1 1
league-sim/internal/league/service.go:16.65,20.2 1 1
league-sim/internal/league/service.go:22.114,24.16 2 1
league-sim/internal/league/service.go:24.16,26.3 1 1
league-sim/internal/league/service.go:27.2,42.16 7 1
league-sim/internal/league/service.go:42.16,44.3 1 1
league-sim/internal/league/service.go:45.2,46.16 2 1
league-sim/internal/league/service.go:46.16,48.3 1 1
league-sim/internal/league/service.go:49.2,52.8 1 1
league-sim/internal/league/service.go:55.61,57.16 2 1
league-sim/internal/league/service.go:57.16,59.3 1 1
league-sim/internal/league/service.go:60.2,71.16 12 1
league-sim/internal/league/service.go:71.16,73.3 1 1
league-sim/internal/league/service.go:74.2,75.16 2 1
league-sim/internal/league/service.go:75.16,77.3 1 1
league-sim/internal/league/service.go:78.2,78.12 1 1
league-sim/internal/league/utils.go:9.62,10.16 1 1
league-sim/internal/league/utils.go:10.16,12.3 1 1
league-sim/internal/league/utils.go:13.2,13.39 1 1
league-sim/internal/league/utils.go:16.50,18.2 1 1
league-sim/internal/contexts/services/service.go:25.74,27.2 1 1
league-sim/internal/contexts/services/service.go:29.76,31.2 1 1
league-sim/internal/contexts/services/service.go:33.82,35.2 1 1
league-sim/internal/contexts/services/service.go:37.68,46.2 4 1
league-sim/internal/predict/service.go:16.60,20.2 1 1
league-sim/internal/predict/service.go:22.95,24.16 2 1
league-sim/internal/predict/service.go:24.16,27.3 2 1
league-sim/internal/predict/service.go:28.2,30.26 3 1
league-sim/internal/predict/service.go:30.26,33.3 2 1
league-sim/internal/predict/service.go:35.2,35.26 1 1
league-sim/internal/predict/service.go:35.26,44.3 2 1
league-sim/internal/predict/service.go:45.2,45.26 1 1
league-sim/internal/predict/service.go:48.93,50.16 2 1
league-sim/internal/predict/service.go:50.16,53.3 2 1
league-sim/internal/predict/service.go:55.2,55.25 1 1
league-sim/internal/predict/service.go:55.25,57.3 1 1
league-sim/internal/predict/service.go:59.2,77.30 6 1
league-sim/internal/predict/service.go:77.30,92.3 4 1
league-sim/internal/predict/service.go:94.2,98.27 4 1
league-sim/internal/predict/service.go:98.27,100.27 2 1
league-sim/internal/predict/service.go:100.27,102.9 2 0
league-sim/internal/predict/service.go:106.2,106.29 1 1
league-sim/internal/predict/service.go:106.29,109.32 2 1
league-sim/internal/predict/service.go:109.32,110.32 1 1
league-sim/internal/predict/service.go:110.32,112.5 1 0
league-sim/internal/predict/service.go:112.10,112.40 1 1
league-sim/internal/predict/service.go:112.40,114.64 1 0
league-sim/internal/predict/service.go:114.64,116.6 1 0
league-sim/internal/predict/service.go:120.3,121.28 2 1
league-sim/internal/predict/service.go:121.28,124.19 3 1
league-sim/internal/predict/service.go:124.19,126.5 1 1
league-sim/internal/predict/service.go:127.4,134.7 1 1
league-sim/internal/predict/service.go:137.3,137.21 1 1
league-sim/internal/predict/service.go:140.2,140.27 1 0
league-sim/internal/predict/service.go:140.27,145.39 4 0
league-sim/internal/predict/service.go:145.39,147.4 1 0
league-sim/internal/predict/service.go:148.3,149.28 2 0
league-sim/internal/predict/service.go:152.2,153.27 2 0
league-sim/internal/predict/service.go:153.27,156.39 3 0
league-sim/internal/predict/service.go:156.39,158.4 1 0
league-sim/internal/predict/service.go:159.3,166.6 1 0
league-sim/internal/predict/service.go:168.2,168.20 1 0
league-sim/internal/predict/service.go:171.57,173.30 2 1
league-sim/internal/predict/service.go:173.30,174.26 1 1
league-sim/internal/predict/service.go:174.26,176.4 1 1
league-sim/internal/predict/service.go:178.2,178.17 1 1
league-sim/internal/predict/service.go:181.59,183.25 2 1
league-sim/internal/predict/service.go:183.25,185.3 1 1
league-sim/internal/predict/service.go:187.2,190.30 3 1
league-sim/internal/predict/service.go:190.30,191.30 1 1
league-sim/internal/predict/service.go:191.30,193.4 1 1
league-sim/internal/predict/service.go:196.2,196.26 1 1
league-sim/internal/predict/service.go:196.26,198.3 1 1
league-sim/internal/predict/service.go:200.2,203.35 3 1
league-sim/internal/predict/service.go:203.35,205.32 2 1
league-sim/internal/predict/service.go:205.32,208.4 2 1
league-sim/internal/predict/service.go:210.2,210.15 1 1
league-sim/cmd/app/main.go:10.13,14.16 3 1
league-sim/cmd/app/main.go:14.16,15.13 1 1
league-sim/cmd/app/main.go:18.2,19.16 2 0
league-sim/cmd/app/main.go:19.16,20.13 1 0
league-sim/cmd/app/main.go:23.2,24.16 2 0
league-sim/cmd/app/main.go:24.16,25.13 1 0
league-sim/cmd/app/main.go:27.2,27.9 1 0
league-sim/utils/convertor.go:5.52,9.2 3 0
league-sim/utils/convertor.go:11.43,13.16 2 0
league-sim/utils/convertor.go:13.16,15.3 1 0
league-sim/utils/convertor.go:16.2,16.22 1 0
league-sim/internal/repositories/active_league_repository.go:15.78,19.2 1 1
league-sim/internal/repositories/active_league_repository.go:21.86,28.16 6 1
league-sim/internal/repositories/active_league_repository.go:28.16,30.3 1 1
league-sim/internal/repositories/active_league_repository.go:32.2,36.16 4 1
league-sim/internal/repositories/active_league_repository.go:36.16,38.3 1 1
league-sim/internal/repositories/active_league_repository.go:39.2,40.16 2 1
league-sim/internal/repositories/active_league_repository.go:40.16,42.3 1 0
league-sim/internal/repositories/active_league_repository.go:43.2,44.16 2 1
league-sim/internal/repositories/active_league_repository.go:44.16,46.3 1 0
league-sim/internal/repositories/active_league_repository.go:47.2,48.16 2 1
league-sim/internal/repositories/active_league_repository.go:48.16,50.3 1 0
league-sim/internal/repositories/active_league_repository.go:51.2,56.20 6 1
league-sim/internal/repositories/active_league_repository.go:59.91,64.16 5 1
league-sim/internal/repositories/active_league_repository.go:64.16,65.13 1 1
league-sim/internal/repositories/active_league_repository.go:66.3,66.18 1 0
league-sim/internal/repositories/active_league_repository.go:68.2,69.16 2 1
league-sim/internal/repositories/active_league_repository.go:69.16,70.13 1 1
league-sim/internal/repositories/active_league_repository.go:71.3,71.18 1 0
league-sim/internal/repositories/active_league_repository.go:73.2,73.19 1 1
league-sim/internal/repositories/active_league_repository.go:76.78,91.16 7 1
league-sim/internal/repositories/active_league_repository.go:91.16,92.13 1 1
league-sim/internal/repositories/active_league_repository.go:93.3,93.13 1 0
league-sim/internal/repositories/active_league_repository.go:95.2,95.12 1 1
league-sim/internal/repositories/active_league_repository.go:98.120,103.16 5 1
league-sim/internal/repositories/active_league_repository.go:103.16,105.3 1 1
league-sim/internal/repositories/active_league_repository.go:106.2,107.16 2 1
league-sim/internal/repositories/active_league_repository.go:107.16,109.3 1 0
league-sim/internal/repositories/active_league_repository.go:110.2,111.16 2 1
league-sim/internal/repositories/active_league_repository.go:111.16,113.3 1 0
league-sim/internal/repositories/active_league_repository.go:114.2,117.8 1 1
league-sim/internal/repositories/active_league_repository.go:122.3,127.16 5 1
league-sim/internal/repositories/active_league_repository.go:127.16,129.3 1 1
league-sim/internal/repositories/active_league_repository.go:130.2,131.16 2 1
league-sim/internal/repositories/active_league_repository.go:131.16,133.3 1 1
league-sim/internal/repositories/active_league_repository.go:134.2,134.23 1 1
league-sim/internal/repositories/league_repository.go:14.66,18.2 1 1
league-sim/internal/repositories/league_repository.go:20.89,23.16 3 1
league-sim/internal/repositories/league_repository.go:23.16,25.3 1 1
league-sim/internal/repositories/league_repository.go:26.2,26.12 1 1
league-sim/internal/repositories/league_repository.go:29.89,32.16 3 1
league-sim/internal/repositories/league_repository.go:32.16,33.13 1 1
league-sim/internal/repositories/league_repository.go:34.3,34.18 1 0
league-sim/internal/repositories/league_repository.go:36.2,37.18 2 1
league-sim/internal/repositories/league_repository.go:37.18,40.17 3 1
league-sim/internal/repositories/league_repository.go:40.17,41.14 1 1
league-sim/internal/repositories/league_repository.go:42.4,42.19 1 0
league-sim/internal/repositories/league_repository.go:44.3,44.36 1 1
league-sim/internal/repositories/league_repository.go:46.2,46.21 1 1
league-sim/internal/repositories/league_repository.go:49.59,52.16 3 1
league-sim/internal/repositories/league_repository.go:52.16,53.13 1 1
league-sim/internal/repositories/league_repository.go:54.3,54.13 1 0
league-sim/internal/repositories/league_repository.go:56.2,56.12 1 1
league-sim/internal/repositories/match_result_repository.go:15.76,17.2 1 1
league-sim/internal/repositories/match_result_repository.go:19.98,23.16 3 1
league-sim/internal/repositories/match_result_repository.go:23.16,25.3 1 1
league-sim/internal/repositories/match_result_repository.go:26.2,30.18 3 1
league-sim/internal/repositories/match_result_repository.go:30.18,40.17 3 1
league-sim/internal/repositories/match_result_repository.go:40.17,42.4 1 1
league-sim/internal/repositories/match_result_repository.go:43.3,43.32 1 1
league-sim/internal/repositories/match_result_repository.go:46.2,46.34 1 1
league-sim/internal/repositories/match_result_repository.go:46.34,48.3 1 0
league-sim/internal/repositories/match_result_repository.go:50.2,50.21 1 1
league-sim/internal/repositories/match_result_repository.go:53.109,54.28 1 1
league-sim/internal/repositories/match_result_repository.go:54.28,56.3 1 1
league-sim/internal/repositories/match_result_repository.go:58.2,61.34 3 1
league-sim/internal/repositories/match_result_repository.go:61.34,74.3 2 1
league-sim/internal/repositories/match_result_repository.go:76.2,82.16 3 1
league-sim/internal/repositories/match_result_repository.go:82.16,84.3 1 1
league-sim/internal/repositories/match_result_repository.go:85.2,85.12 1 1
league-sim/internal/repositories/match_result_repository.go:88.85,93.16 5 1
league-sim/internal/repositories/match_result_repository.go:93.16,94.13 1 1
league-sim/internal/repositories/match_result_repository.go:95.3,95.13 1 0
league-sim/internal/repositories/match_result_repository.go:97.2,97.12 1 1
league-sim/internal/repositories/match_result_repository.go:100.77,103.16 3 1
league-sim/internal/repositories/match_result_repository.go:103.16,105.3 1 1
league-sim/internal/repositories/match_result_repository.go:106.2,106.12 1 1
league-sim/internal/repositories/interfaces/mocks.go:14.92,17.2 2 1
league-sim/internal/repositories/interfaces/mocks.go:19.92,22.2 2 1
league-sim/internal/repositories/interfaces/mocks.go:24.62,27.2 2 1
league-sim/internal/repositories/interfaces/mocks.go:34.88,37.2 2 1
league-sim/internal/repositories/interfaces/mocks.go:39.80,42.2 2 1
league-sim/internal/repositories/interfaces/mocks.go:44.93,47.2 2 0
league-sim/internal/repositories/interfaces/mocks.go:49.122,52.2 2 0
league-sim/internal/repositories/interfaces/mocks.go:54.103,57.2 2 0
league-sim/internal/repositories/interfaces/mocks.go:64.87,67.2 2 1
league-sim/internal/repositories/interfaces/mocks.go:69.111,72.2 2 1
league-sim/internal/repositories/interfaces/mocks.go:74.100,77.2 2 1
league-sim/internal/repositories/interfaces/mocks.go:79.79,82.2 2 1
league-sim/internal/simulation/interfaces/mocks.go:14.126,17.2 2 1
league-sim/internal/simulation/interfaces/mocks.go:19.87,22.2 2 1
league-sim/internal/simulation/service.go:15.73,19.2 1 1
league-sim/internal/simulation/service.go:21.114,24.16 3 1
league-sim/internal/simulation/service.go:24.16,25.13 1 1
league-sim/internal/simulation/service.go:26.3,26.42 1 0
league-sim/internal/simulation/service.go:29.2,29.45 1 1
league-sim/internal/simulation/service.go:29.45,31.3 1 1
league-sim/internal/simulation/service.go:33.2,35.39 3 1
league-sim/internal/simulation/service.go:35.39,37.3 1 1
league-sim/internal/simulation/service.go:39.2,40.40 2 1
league-sim/internal/simulation/service.go:40.40,43.3 2 1
league-sim/internal/simulation/service.go:45.2,46.20 2 1
league-sim/internal/simulation/service.go:46.20,48.3 1 1
league-sim/internal/simulation/service.go:49.2,49.40 1 1
league-sim/internal/simulation/service.go:49.40,51.21 2 1
league-sim/internal/simulation/service.go:51.21,53.4 1 1
league-sim/internal/simulation/service.go:53.9,55.4 1 1
league-sim/internal/simulation/service.go:57.3,57.52 1 1
league-sim/internal/simulation/service.go:57.52,65.26 6 1
league-sim/internal/simulation/service.go:65.26,74.5 2 0
league-sim/internal/simulation/service.go:74.10,83.5 2 1
league-sim/internal/simulation/service.go:84.4,88.26 4 1
league-sim/internal/simulation/service.go:88.26,91.5 2 0
league-sim/internal/simulation/service.go:91.10,91.57 1 1
league-sim/internal/simulation/service.go:91.57,94.5 2 1
league-sim/internal/simulation/service.go:94.10,97.5 2 1
league-sim/internal/simulation/service.go:99.4,107.7 1 1
league-sim/internal/simulation/service.go:109.3,113.55 3 1
league-sim/internal/simulation/service.go:116.2,117.16 2 1
league-sim/internal/simulation/service.go:117.16,118.13 1 1
league-sim/internal/simulation/service.go:119.3,119.42 1 0
league-sim/internal/simulation/service.go:121.2,122.16 2 1
league-sim/internal/simulation/service.go:122.16,123.13 1 0
league-sim/internal/simulation/service.go:124.3,124.42 1 0
league-sim/internal/simulation/service.go:126.2,130.8 1 1
league-sim/internal/simulation/service.go:133.82,138.16 4 1
league-sim/internal/simulation/service.go:138.16,145.3 2 1
league-sim/internal/simulation/service.go:147.2,150.14 3 1
league-sim/internal/simulation/service.go:150.14,160.3 3 1
league-sim/internal/simulation/service.go:160.8,170.3 3 1
league-sim/internal/simulation/service.go:173.75,175.16 2 1
league-sim/internal/simulation/service.go:175.16,177.3 1 1
league-sim/internal/simulation/service.go:178.2,179.40 2 1
league-sim/internal/simulation/service.go:179.40,182.3 2 1
league-sim/internal/simulation/service.go:184.2,198.16 12 1
league-sim/internal/simulation/service.go:198.16,200.3 1 0
league-sim/internal/simulation/service.go:202.2,203.16 2 1
league-sim/internal/simulation/service.go:203.16,205.3 1 1
league-sim/internal/simulation/service.go:207.2,207.12 1 1
league-sim/internal/simulation/utils.go:5.115,11.22 6 1
league-sim/internal/simulation/utils.go:11.22,13.3 1 1
league-sim/internal/simulation/utils.go:14.2,15.21 2 1
league-sim/internal/simulation/utils.go:15.21,17.3 1 1
league-sim/internal/simulation/utils.go:20.116,27.22 7 1
league-sim/internal/simulation/utils.go:27.22,29.3 1 1
league-sim/internal/simulation/utils.go:30.2,31.23 2 1
league-sim/internal/simulation/utils.go:31.23,33.3 1 1
league-sim/internal/simulation/utils.go:36.114,43.22 6 1
league-sim/internal/simulation/utils.go:43.22,45.3 1 1
league-sim/internal/contexts/appContexts/context.go:27.35,29.2 1 1
league-sim/internal/contexts/appContexts/context.go:31.73,33.2 1 1
league-sim/internal/contexts/appContexts/context.go:35.85,37.2 1 1
league-sim/internal/contexts/appContexts/context.go:38.83,40.2 1 1
league-sim/internal/contexts/appContexts/context.go:42.48,44.16 2 1
league-sim/internal/contexts/appContexts/context.go:44.16,46.3 1 1
league-sim/internal/contexts/appContexts/context.go:48.2,57.8 4 0
league-sim/internal/contexts/appContexts/context.go:60.38,62.16 2 1
league-sim/internal/contexts/appContexts/context.go:62.16,64.3 1 1
league-sim/internal/contexts/appContexts/context.go:65.2,67.8 1 0
league-sim/internal/builder/mysql.go:12.43,22.16 3 1
league-sim/internal/builder/mysql.go:22.16,24.3 1 0
league-sim/internal/builder/mysql.go:25.2,26.16 2 1
league-sim/internal/builder/mysql.go:26.16,28.3 1 1
league-sim/internal/builder/mysql.go:29.2,30.16 2 0
